This is pdfTeX, Version 3.14159265-2.6-1.40.17 (TeX Live 2016/Debian) (preloaded format=pdfetex 2018.9.21)  15 APR 2020 11:20
entering extended mode
 restricted \write18 enabled.
 file:line:error style messages enabled.
 %&-line parsing enabled.
**\bgroup\catcode62=2\relax \catcode`\_=12\relax \toks0\bgroup\input ./MATAA_ma
nual.texi \relax>\expandafter\egroup\the\toks0\relax
(./MATAA_manual.texi (/usr/share/texmf/tex/texinfo/texinfo.tex
Loading texinfo [version 2016-08-16.20]:
\outerhsize=\dimen16
\outervsize=\dimen17
\cornerlong=\dimen18
\cornerthick=\dimen19
\topandbottommargin=\dimen20
\bindingoffset=\dimen21
\normaloffset=\dimen22
\txipagewidth=\dimen23
\txipageheight=\dimen24
\headlinebox=\box16
\footlinebox=\box17
\margin=\insert252
\EMsimple=\toks13
\groupbox=\box18
\groupinvalidhelp=\toks14
\mil=\dimen25
\exdentamount=\skip18
\inmarginspacing=\skip19
\centerpenalty=\count27
 pdf,
\tempnum=\count28
\lnkcount=\count29
\filename=\toks15
\filenamelength=\count30
\pgn=\count31
\toksA=\toks16
\toksB=\toks17
\toksC=\toks18
\toksD=\toks19
\boxA=\box19
\boxB=\box20
\countA=\count32
\nopdfimagehelp=\toks20
 fonts,
\sffam=\fam8
\textleading=\dimen26
 markup,
\fontdepth=\count33
 glyphs,
\errorbox=\box21

page headings,
\titlepagetopglue=\skip20
\titlepagebottomglue=\skip21
\evenheadline=\toks21
\oddheadline=\toks22
\evenfootline=\toks23
\oddfootline=\toks24
 tables,
\tableindent=\dimen27
\itemindent=\dimen28
\itemmargin=\dimen29
\itemmax=\dimen30
\itemno=\count34
\multitableparskip=\skip22
\multitableparindent=\skip23
\multitablecolspace=\dimen31
\multitablelinespace=\skip24
\colcount=\count35
\everytab=\toks25
 conditionals,
\doignorecount=\count36
 indexing,
\dummybox=\box22
\whatsitskip=\skip25
\whatsitpenalty=\count37
\entryrightmargin=\dimen32
\thinshrinkable=\skip26
\entryindexbox=\box23
\delayedbox=\box24
\interbox=\box25
\secondaryindent=\skip27
\partialpage=\box26
\doublecolumnhsize=\dimen33
\savedtopmark=\toks26
\savedfirstmark=\toks27
\balancedcolumns=\box27
 sectioning,
\unnumberedno=\count38
\chapno=\count39
\secno=\count40
\subsecno=\count41
\subsubsecno=\count42
\appendixno=\count43
\absseclevel=\count44
\secbase=\count45
\chapheadingskip=\skip28
\secheadingskip=\skip29
\subsecheadingskip=\skip30
 toc,
\tocfile=\write0
\contentsrightmargin=\skip31
\savepageno=\count46
\lastnegativepageno=\count47
\tocindent=\dimen34
 environments,
\lispnarrowing=\skip32
\envskipamount=\skip33
\circthick=\dimen35
\cartouter=\dimen36
\cartinner=\dimen37
\normbskip=\skip34
\normpskip=\skip35
\normlskip=\skip36
\lskip=\skip37
\rskip=\skip38
\nonfillparindent=\dimen38
\tabw=\dimen39
\verbbox=\box28

defuns,
\defbodyindent=\skip39
\defargsindent=\skip40
\deflastargmargin=\skip41
\defunpenalty=\count48
\parencount=\count49
\brackcount=\count50
 macros,
\savedcatcodeone=\count51
\savedcatcodetwo=\count52
\paramno=\count53
\macname=\toks28
 cross references,
\auxfile=\write1
\savesfregister=\count54
\toprefbox=\box29
\printedrefnamebox=\box30
\infofilenamebox=\box31
\printedmanualbox=\box32
 insertions,
\footnoteno=\count55
\SAVEfootins=\box33
\SAVEmargin=\box34

(/usr/share/texlive/texmf-dist/tex/generic/epsf/epsf.tex
This is `epsf.tex' v2.7.4 <14 February 2011>
\epsffilein=\read1
\epsfframemargin=\dimen40
\epsfframethickness=\dimen41
\epsfrsize=\dimen42
\epsftmp=\dimen43
\epsftsize=\dimen44
\epsfxsize=\dimen45
\epsfysize=\dimen46
\pspoints=\dimen47
)
\noepsfhelp=\toks29
 localization,
\nolanghelp=\toks30
\countUTFx=\count56
\countUTFy=\count57
\countUTFz=\count58
 formatting,
\defaultparindent=\dimen48
 and turning on texinfo input format.) [1{/var/lib/texmf/fonts/map/pdftex/updma
p/pdftex.map}]
@cpindfile=@write2
\openout2 = `MATAA_manual.cp'.


Writing index file MATAA_manual.cp
(/home/jens/prj/mataa-hggit/documentation/source/MATAA_manual.aux)
\openout1 = `MATAA_manual.aux'.

 [2]
(/home/jens/prj/mataa-hggit/documentation/source/MATAA_manual.toc [-1] [-2])
[-3] (/home/jens/prj/mataa-hggit/documentation/source/MATAA_manual.toc)
(/home/jens/prj/mataa-hggit/documentation/source/MATAA_manual.toc)
texinfo.tex: doing @include of MATAA_manual_overview.texi


(/home/jens/prj/mataa-hggit/documentation/source/MATAA_manual_overview.texi
Chapter 1
\openout0 = `MATAA_manual.toc'.

 [1])
Underfull \hbox (badness 10000) in paragraph at lines 14--84
[]@textrm To find out more about MATAA, go to the MATAA home-page at

@hbox(7.60416+2.12917)x433.62, glue set 5.12448
.@hbox(0.0+0.0)x15.0
.@textrm T
.@kern-0.91252
.@textrm o
.@glue 3.65 plus 1.825 minus 1.21666
.etc.

texinfo.tex: doing @include of MATAA_manual_installation.texi


(/home/jens/prj/mataa-hggit/documentation/source/MATAA_manual_installation.texi
Chapter 2 [2] [3]
Missing character: There is no Ê in font cmr10!
Missing character: There is no Ê in font cmr10!
 [4]
@Figurefloatno=@count59
 </home/jens/prj/mataa-hggit/documentation/source/figures/measurement_setup.pdf
> [5]
Missing character: There is no Ê in font cmr10!
 [6]
l.170: Undefined cross reference `Data calibration-snt'.
l.170: Undefined cross reference `Data calibration-snt'.
l.170: Undefined cross reference `Data calibration-pg'. [7]
l.204: Undefined cross reference `Impedance measurement-snt'.
l.204: Undefined cross reference `Impedance measurement-snt'.
l.204: Undefined cross reference `Impedance measurement-pg'.
Missing character: There is no Ê in font cmr10!
 </home/jens/prj/mataa-hggit/documentation/source/figures/ref_signal_paths.pdf>
 [8] [9] </home/jens/prj/mataa-hggit/documentation/source/figures/Jack.pdf> </h
ome/jens/prj/mataa-hggit/documentation/source/figures/mac_os_x_audio_settings.p
df> [10] [11])
texinfo.tex: doing @include of MATAA_manual_working.texi


(/home/jens/prj/mataa-hggit/documentation/source/MATAA_manual_working.texi
Chapter 3 [12pdfTeX warning (ext4): destination with the same identifier (name{
Compiling\040TestTone\040and\040TestDevices\040on\040Linux}) has been already u
sed, duplicate ignored

\onepageout ...\ewbot \hfil \ewbot }}\egroup \fi }
                                                  }\advancepageno \ifnum \ou...
<output> {\onepageout {\pagecontents \PAGE }
                                            }
<to be read again> 
                   \footnoteno 
\supereject ->\par \penalty -20000\footnoteno 
                                              =0 
\chapmacro ...\safewhatsit \domark \pchapsepmacro 
                                                  \let \prevchapterdefs =\la...

\chapterzzz ...acro {#1}{Ynumbered}{\the \chapno }
                                                  \global \let \section = \n...
...
l.2 @chapter Working with MATAA
                               ] [13])
texinfo.tex: doing @include of MATAA_manual_calibration.texi


(/home/jens/prj/mataa-hggit/documentation/source/MATAA_manual_calibration.texi
Chapter 4 [14]
@fnindfile=@write3
\openout3 = `MATAA_manual.fn'.


Writing index file MATAA_manual.fn
)
texinfo.tex: doing @include of MATAA_manual_tools.texi

 (/home/jens/prj/mataa-hggit/documentation/source/MATAA_manual_tools.texi
Chapter 5 [15] [16] [17] [18] [19] [20]
Missing character: There is no â in font cmr10!
Missing character: There is no € in font cmr10!
Missing character: There is no “ in font cmr10!
 [21] [22] [23]
Missing character: There is no â in font cmr10!
Missing character: There is no € in font cmr10!
Missing character: There is no œ in font cmr10!
Missing character: There is no â in font cmr10!
Missing character: There is no € in font cmr10!
Missing character: There is no  in font cmr10!
 [24] [25] [26] [27]
[28]
Overfull \hbox (35.49948pt too wide) in paragraph at lines 500--501
[]@textrm function [mag,phase] = mataa[]impedance[]speaker[]model[]WRIGHT (f,Rd
c,f0,Qe,Qm,Kr,Xr,Ki,Xi)|

@hbox(8.2125+2.73749)x433.62, glue set - 1.0
.@hbox(0.0+0.0)x0.0
.@textrm f
.@textrm u
.@textrm n
.@textrm c
.etc.


Underfull \hbox (badness 10000) in paragraph at lines 500--501


@hbox(0.0+0.0)x433.62
.@penalty -10000
.@glue(@rightskip) 0.0

Missing character: There is no Â in font cmr10!
Missing character: There is no   in font cmr10!
Missing character: There is no Â in font cmr10!
Missing character: There is no   in font cmr10!
Missing character: There is no Â in font cmr10!
Missing character: There is no   in font cmr10!

Overfull \hbox (5.05228pt too wide) in paragraph at lines 524--529
[]@texttt > @textrm [mag,phase] = mataa[]impedance[]speaker[]model[]WRIGHT (f,R
dc,f0,Qe,Qm,Kr,Xr,Ki,Xi);|

@hbox(8.2125+2.73749)x433.62, glue set - 1.0
.@hbox(0.0+0.0)x0.0
.@texttt >
.@glue 3.65 plus 1.825 minus 1.21666
.@textrm [
.@textrm m
.etc.


Underfull \hbox (badness 10000) in paragraph at lines 524--529


@hbox(0.0+0.0)x433.62
.@penalty -10000
.@glue(@rightskip) 0.0

[29] [30] [31] [32] [33] [34]
Overfull \hbox (15.69658pt too wide) in paragraph at lines 793--794
[]@textrm function [mag,phase,f,unit] = mataa[]IR[]to[]FR[]LFextend (h,t,t1,t2,
t3,N,smooth[]interval,unit);|

@hbox(8.2125+2.73749)x433.62, glue set - 1.0
.@hbox(0.0+0.0)x0.0
.@textrm f
.@textrm u
.@textrm n
.@textrm c
.etc.


Underfull \hbox (badness 10000) in paragraph at lines 793--794


@hbox(0.0+0.0)x433.62
.@penalty -10000
.@glue(@rightskip) 0.0

[35] [36] [37]
Overfull \hbox (76.05469pt too wide) in paragraph at lines 880--883
[]@textrm The method is based on the ideas of Siegfried Linkwitz (see http://ww
w.linkwitzlab.com/frontiers[]2.htm#M|

@hbox(8.2125+2.73749)x433.62, glue set - 1.0
.@hbox(0.0+0.0)x0.0
.@textrm T
.@textrm h
.@textrm e
.@glue 3.65 plus 1.825 minus 1.21666
.etc.


Overfull \hbox (3.33209pt too wide) in paragraph at lines 917--920
[]@textrm c = mataa[]load[]calibration ('BEHRINGER[]ECM8000[]D1303397118[]MICRO
PHONE.txt');|

@hbox(8.2125+2.73749)x433.62, glue set - 1.0
.@hbox(0.0+0.0)x0.0
.@textrm c
.@glue 3.65 plus 1.825 minus 1.21666
.@textrm =
.@glue 3.65 plus 1.825 minus 1.21666
.etc.


Underfull \hbox (badness 10000) in paragraph at lines 917--920


@hbox(0.0+0.0)x433.62
.@penalty -10000
.@glue(@rightskip) 0.0

[38]
Overfull \hbox (37.68782pt too wide) in paragraph at lines 928--929
[]@textrm function [Gm,tf] = mataa[]measure[]GedLee ( f0,T,fs,N[]h,latency,cal,
amplitude,unit,N[]avg,do[]plot);|

@hbox(8.2125+2.73749)x433.62, glue set - 1.0
.@hbox(0.0+0.0)x0.0
.@textrm f
.@textrm u
.@textrm n
.@textrm c
.etc.


Underfull \hbox (badness 10000) in paragraph at lines 928--929


@hbox(0.0+0.0)x433.62
.@penalty -10000
.@glue(@rightskip) 0.0


Overfull \hbox (74.73534pt too wide) in paragraph at lines 950--955
[]@textrm [Gm,tf] = mataa[]measure[]GedLee (1000,0.3,88200,10,0.2,'MB[]ACOUSTIC
[]CHAIN[]DUT.txt',ampl,'V',3);|

@hbox(8.2125+2.73749)x433.62, glue set - 1.0
.@hbox(0.0+0.0)x0.0
.@textrm [
.@textrm G
.@textrm m
.@textrm ,
.etc.


Underfull \hbox (badness 10000) in paragraph at lines 950--955


@hbox(0.0+0.0)x433.62
.@penalty -10000
.@glue(@rightskip) 0.0

[39]
Overfull \hbox (208.29506pt too wide) in paragraph at lines 963--964
[]@textrm function [HD,fHD,THD,THDN,L,f,unit] = mataa[]measure[]HD[]noise ( f0,
T,fs,N[]h,latency,cal,amplitude,unit,window,fLow,fHigh,N[]avg|

@hbox(8.2125+2.73749)x433.62, glue set - 1.0
.@hbox(0.0+0.0)x0.0
.@textrm f
.@textrm u
.@textrm n
.@textrm c
.etc.

[40]
Overfull \hbox (248.84053pt too wide) in paragraph at lines 1012--1017
[]@textrm [HD,fHD,THD,THDN,L,fL,unit] = mataa[]measure[]HD[]noise ( 1000,1,4410
0,10,0.2,'MB[]ELECTRONIC[]CHAIN.txt',0.3,'V','hann',100,10500,5|

@hbox(8.2125+2.73749)x433.62, glue set - 1.0
.@hbox(0.0+0.0)x0.0
.@textrm [
.@textrm H
.@textrm D
.@textrm ,
.etc.


Overfull \hbox (55.62706pt too wide) in paragraph at lines 1025--1026
[]@textrm function [Zmag,Zphase,f] = mataa[]measure[]impedance (fLow,fHigh,R,fs
,resolution,cal,amplitude,unit);|

@hbox(8.2125+2.73749)x433.62, glue set - 1.0
.@hbox(0.0+0.0)x0.0
.@textrm f
.@textrm u
.@textrm n
.@textrm c
.etc.


Underfull \hbox (badness 10000) in paragraph at lines 1025--1026


@hbox(0.0+0.0)x433.62
.@penalty -10000
.@glue(@rightskip) 0.0

[41] [42]
Overfull \hbox (95.68008pt too wide) in paragraph at lines 1062--1066
[]@textrm [Zmag,Zphase,f] = mataa[]measure[]impedance (10,20000,8.0,44100,0,'MB
[]ELECTRONIC[]CHAIN.txt',3.0,'V');|

@hbox(8.2125+2.73749)x433.62, glue set - 1.0
.@hbox(0.0+0.0)x0.0
.@textrm [
.@textrm Z
.@textrm m
.@textrm a
.etc.


Underfull \hbox (badness 10000) in paragraph at lines 1062--1066


@hbox(0.0+0.0)x433.62
.@penalty -10000
.@glue(@rightskip) 0.0

Missing character: There is no â in font cmr10!
Missing character: There is no € in font cmr10!
Missing character: There is no œ in font cmr10!
Missing character: There is no â in font cmr10!
Missing character: There is no € in font cmr10!
Missing character: There is no  in font cmr10!

Overfull \hbox (182.16838pt too wide) in paragraph at lines 1080--1084
@textrm ford Re-search Sys-tems, Inc, 2010. Avail-able at http://www.thinksrs.c
om/downloads/PDFs/ApplicationNotes/SR1[]SweptSine.pdf|

@hbox(8.2125+2.73749)x433.62, glue set - 1.0
.@textrm f
.@textrm o
.@textrm r
.@textrm d
.@glue 3.65 plus 1.825 minus 1.21666
.etc.


Underfull \hbox (badness 10000) in paragraph at lines 1080--1084


@hbox(0.0+0.0)x433.62
.@penalty -10000
.@glue(@rightskip) 0.0


Underfull \hbox (badness 10000) in paragraph at lines 1080--1084
@textrm weimar.de/medien/wiki/PDCON:Conference/Pure[]Data[]implementation[]of[]
an[]ESS-

@hbox(8.2125+2.73749)x433.62
.@textrm w
.@kern-0.30418
.@textrm e
.@textrm i
.@textrm m
.etc.


Underfull \hbox (badness 10000) in paragraph at lines 1080--1084
@textrm based[]impulse[]response[]acoustic[]measurement[]tool. Ex-poChirp-Tool-
box page:

@hbox(7.60416+2.12917)x433.62, glue set 7.93317
.@textrm b
.@textrm a
.@textrm s
.@textrm e
.@textrm d
.etc.

[43]
Overfull \hbox (82.80963pt too wide) in paragraph at lines 1103--1118
[]@texttt > @textrm [h,t,tN,unit] = mataa[]measure[]IR[]HD (P,T,fs,N,[],'GENERI
C[]CHAIN[]ACOUSTIC.txt',amplitude,'Volt');|

@hbox(8.2125+2.73749)x433.62, glue set - 1.0
.@hbox(0.0+0.0)x0.0
.@texttt >
.@glue 3.65 plus 1.825 minus 1.21666
.@textrm [
.@textrm h
.etc.

[44] [45] [46] [47]
Overfull \hbox (125.57103pt too wide) in paragraph at lines 1206--1213
[]@texttt > @textrm [out,in,t,out[]unit,in[]unit] = mataa[]measure[]signal[]res
ponse(1.8*s,fs,0.1,1,1,'GENERIC[]CHAIN[]DIRECT.txt','V');|

@hbox(8.2125+2.73749)x433.62, glue set - 1.0
.@hbox(0.0+0.0)x0.0
.@texttt >
.@glue 3.65 plus 1.825 minus 1.21666
.@textrm [
.@textrm o
.etc.


Underfull \hbox (badness 10000) in paragraph at lines 1206--1213


@hbox(0.0+0.0)x433.62
.@penalty -10000
.@glue(@rightskip) 0.0


Overfull \hbox (75.66594pt too wide) in paragraph at lines 1221--1222
[]@textrm function [L,f,fi,L0,unit] = mataa[]measure[]sine[]distortion (fi,T,fs
,latency,cal,amplitude,unit,window,N[]avg);|

@hbox(8.2125+2.73749)x433.62, glue set - 1.0
.@hbox(0.0+0.0)x0.0
.@textrm f
.@textrm u
.@textrm n
.@textrm c
.etc.


Underfull \hbox (badness 10000) in paragraph at lines 1221--1222


@hbox(0.0+0.0)x433.62
.@penalty -10000
.@glue(@rightskip) 0.0

[48]
Overfull \hbox (137.04388pt too wide) in paragraph at lines 1246--1249
[]@texttt > @textrm [L,f,fi,L0,unit] = mataa[]measure[]sine[]distortion (1000,1
,44100,0.2,'GENERIC[]CHAIN[]DIRECT.txt',1.0,'V','flattop');|

@hbox(8.2125+2.73749)x433.62, glue set - 1.0
.@hbox(0.0+0.0)x0.0
.@texttt >
.@glue 3.65 plus 1.825 minus 1.21666
.@textrm [
.@textrm L
.etc.

[49]
Overfull \hbox (90.24208pt too wide) in paragraph at lines 1293--1295
@textrm (see http://en.wikipedia.org/wiki/Minimum[]phase#Relationship[]of[]magn
itude[]response[]to[]phase[]response).|

@hbox(8.2125+2.73749)x433.62, glue set - 1.0
.@textrm (
.@textrm s
.@textrm e
.@textrm e
.@glue 3.65 plus 1.825 minus 1.21666
.etc.


Underfull \hbox (badness 10000) in paragraph at lines 1293--1295


@hbox(0.0+0.0)x433.62
.@penalty -10000
.@glue(@rightskip) 0.0

[50] [51] [52] [53] [54] [55] [56] [57] [58] [59] [60] [61] [62] [63]
Overfull \hbox (3.11215pt too wide) in paragraph at lines 1958--1968
[]@texttt > @textrm [X,t[]X,unit[]X] = mataa[]signal[]calibrate[]DUTin (in,t,'G
ENERIC[]CHAIN[]DIRECT.txt');|

@hbox(8.2125+2.73749)x433.62, glue set - 1.0
.@hbox(0.0+0.0)x0.0
.@texttt >
.@glue 3.65 plus 1.825 minus 1.21666
.@textrm [
.@textrm X
.etc.


Overfull \hbox (15.583pt too wide) in paragraph at lines 1958--1968
[]@texttt > @textrm [Y,t[]Y,unit[]Y] = mataa[]signal[]calibrate[]DUTout (out,t,
'GENERIC[]CHAIN[]DIRECT.txt');|

@hbox(8.2125+2.73749)x433.62, glue set - 1.0
.@hbox(0.0+0.0)x0.0
.@texttt >
.@glue 3.65 plus 1.825 minus 1.21666
.@textrm [
.@textrm Y
.etc.

[64] [65]
Overfull \hbox (3.11215pt too wide) in paragraph at lines 2005--2014
[]@texttt > @textrm [X,t[]X,unit[]X] = mataa[]signal[]calibrate[]DUTin (in,t,'G
ENERIC[]CHAIN[]DIRECT.txt');|

@hbox(8.2125+2.73749)x433.62, glue set - 1.0
.@hbox(0.0+0.0)x0.0
.@texttt >
.@glue 3.65 plus 1.825 minus 1.21666
.@textrm [
.@textrm X
.etc.


Overfull \hbox (15.583pt too wide) in paragraph at lines 2005--2014
[]@texttt > @textrm [Y,t[]Y,unit[]Y] = mataa[]signal[]calibrate[]DUTout (out,t,
'GENERIC[]CHAIN[]DIRECT.txt');|

@hbox(8.2125+2.73749)x433.62, glue set - 1.0
.@hbox(0.0+0.0)x0.0
.@texttt >
.@glue 3.65 plus 1.825 minus 1.21666
.@textrm [
.@textrm Y
.etc.

[66] [67] [68]
Overfull \hbox (175.83957pt too wide) in paragraph at lines 2132--2136
[]@textrm - pink noise gen-er-a-tion: http://www.mathworks.com/matlabcentral/fi
leexchange/loadFile.do?objectId=5091&objectkind=FILE|

@hbox(8.2125+2.73749)x433.62, glue set - 1.0
.@hbox(0.0+0.0)x0.0
.@textrm -
.@discretionary
.@glue 3.65 plus 1.825 minus 1.21666
.@textrm p
.etc.


Underfull \hbox (badness 10000) in paragraph at lines 2132--2136


@hbox(0.0+0.0)x433.62
.@penalty -10000
.@glue(@rightskip) 0.0

[69] [70] [71]
Overfull \hbox (46.3882pt too wide) in paragraph at lines 2268--2279
[]@textrm The fol-low-ing win-dow func-tions are avail-able (see e.g. http://en
.wikipedia.org/wiki/Window[]function|

@hbox(8.2125+2.73749)x433.62, glue set - 1.0
.@hbox(0.0+0.0)x0.0
.@textrm T
.@textrm h
.@textrm e
.@glue 3.65 plus 1.825 minus 1.21666
.etc.


Overfull \hbox (200.48233pt too wide) in paragraph at lines 2268--2279
[]@textrm 'flattop': Flat-top win-dow, us-ing the @texttt "@textrm SRS shape co
-ef-fi-cients@texttt " @textrm (see https://en.wikipedia.org/wiki/Window[]funct
ion#Flat[]top[]window|

@hbox(8.2125+2.73749)x433.62, glue set - 1.0
.@hbox(0.0+0.0)x0.0
.@textrm '
.@textrm ^^M (ligature fl)
.@textrm a
.@textrm t
.etc.

[72] [73]
Missing character: There is no Â in font cmr10!
Missing character: There is no   in font cmr10!
Missing character: There is no Â in font cmr10!
Missing character: There is no   in font cmr10!
Missing character: There is no Â in font cmr10!
Missing character: There is no   in font cmr10!
Missing character: There is no Â in font cmr10!
Missing character: There is no   in font cmr10!
Missing character: There is no Â in font cmr10!
Missing character: There is no ² in font cmr10!
Missing character: There is no Â in font cmr10!
Missing character: There is no   in font cmr10!
Missing character: There is no Â in font cmr10!
Missing character: There is no   in font cmr10!
Missing character: There is no Â in font cmr10!
Missing character: There is no   in font cmr10!
 [74] [75] [76]
Underfull \hbox (badness 10000) in paragraph at lines 2495--2506
[]@textrm http://www.audiomatica.com/wp/wp-content/uploads/Testing-Loudspeakers
-at-low-

@hbox(8.2125+2.73749)x433.62
.@hbox(0.0+0.0)x0.0
.@textrm h
.@kern-0.30418
.@textrm t
.@textrm t
.etc.

[77] [78]
Underfull \hbox (badness 10000) in paragraph at lines 2555--2578
[]@textrm http://www.audiomatica.com/wp/wp-content/uploads/Testing-Loudspeakers
-at-low-

@hbox(8.2125+2.73749)x433.62
.@hbox(0.0+0.0)x0.0
.@textrm h
.@kern-0.30418
.@textrm t
.@textrm t
.etc.


Underfull \hbox (badness 10000) in paragraph at lines 2579--2582
[]@textrm raa[]sum[]IR[]nearfield(ir[]driver, S[]driver, ir[]port, S[]port, ir[
]port, S[]port) @texttt >

@hbox(8.2125+2.73749)x433.62, glue set 5.54333
.@hbox(0.0+0.0)x0.0
.@textrm r
.@textrm a
.@textrm a
.@kern 0.76657
.etc.

)
texinfo.tex: doing @include of MATAA_manual_MatOctPrimer.texi


(/home/jens/prj/mataa-hggit/documentation/source/MATAA_manual_MatOctPrimer.texi
Chapter 6 [79]
Missing character: There is no Ê in font cmr10!

Overfull \hbox (34.82065pt too wide) in paragraph at lines 35--36
 []@textrm Finally, Wikipedia has nice pages on both MAT-LAB (http://en.wikiped
ia.org/wiki/MATLAB)|

@hbox(8.2125+2.73749)x433.62, glue set - 1.0
.@glue(@leftskip) 21.68121
.@hbox(4.86667+0.0)x0.0, glue set - 12.70244fil
..@glue 0.0 plus 1.0fil minus 1.0fil
..@mathon
..@textsy ^^O
..@mathoff
..@kern 7.22743
.@textrm F
.@textrm i
.@textrm n
.etc.

[80])
texinfo.tex: doing @include of MATAA_manual_licenses.texi


(/home/jens/prj/mataa-hggit/documentation/source/MATAA_manual_licenses.texi
Appendix A [81] [82] [83] [84] [85] [86] [87] [88] [89] [90] [91] [92])
(Concept index) [93]
Overfull \vbox (86.2276pt too high) has occurred while \output is active
@vbox(636.00703+0.0)x207.80492
.@glue(@splittopskip) 26.12001
.@hbox(9.87999+0.0)x207.80492, glue set 192.90077fil
..@kern -0.46252
..@secrm M
..@glue 0.0 plus 1.0fil minus 1.0fil
.@penalty 10000
.@glue 3.46501 plus 1.05006
.@glue(@baselineskip) 4.25 plus 0.5
.etc.


(MATAA tools index) [94]
Overfull \vbox (33.66702pt too high) has occurred while \output is active
\vbox(643.2+0.0)x433.62
.\glue(\topskip) 0.0
.\vbox(676.86702+0.0)x433.62
..\mark{\gdef \thischaptername {Concept index}\gdef \thischapternum {}\gdef \th
ischapter \ETC.}
..\write0{@unnchapentry{Concept index}{10001}{Concept index}{\folio }}
..\pdfdest name{Concept\040index} xyz
..\write1{@xrdef{Concept index-pg}{\folio }}
..\glue(\topskip) 24.00002
..etc.
.\mark{\gdef \thischaptername {MATAA tools index}\gdef \thischapternum {}\gdef 
\ETC.}


[95] [96] ) 
Here is how much of TeX's memory you used:
 4020 strings out of 497050
 48707 string characters out of 6204536
 127798 words of memory out of 5000000
 4891 multiletter control sequences out of 15000+600000
 32778 words of font info for 114 fonts, out of 8000000 for 9000
 51 hyphenation exceptions out of 8191
 17i,6n,16p,1793b,789s stack positions out of 5000i,500n,10000p,200000b,80000s
pdfTeX warning (dest): name{Impedance\040measurement} has been refer
enced but does not exist, replaced by a fixed one

pdfTeX warning (dest): name{Data\040calibration} has been referenced but does n
ot exist, replaced by a fixed one

</usr/share/texlive/texmf-dist/fonts/type1/public/amsfonts/cm/cmbx12.pfb></usr/
share/texlive/texmf-dist/fonts/type1/public/amsfonts/cm/cmcsc10.pfb></usr/share
/texlive/texmf-dist/fonts/type1/public/amsfonts/cm/cmmi10.pfb></usr/share/texli
ve/texmf-dist/fonts/type1/public/amsfonts/cm/cmmi12.pfb></usr/share/texlive/tex
mf-dist/fonts/type1/public/amsfonts/cm/cmmi9.pfb></usr/share/texlive/texmf-dist
/fonts/type1/public/amsfonts/cm/cmr10.pfb></usr/share/texlive/texmf-dist/fonts/
type1/public/amsfonts/cm/cmr9.pfb></usr/share/texlive/texmf-dist/fonts/type1/pu
blic/amsfonts/cm/cmsl10.pfb></usr/share/texlive/texmf-dist/fonts/type1/public/a
msfonts/cm/cmsltt10.pfb></usr/share/texlive/texmf-dist/fonts/type1/public/amsfo
nts/cm/cmsy10.pfb></usr/share/texlive/texmf-dist/fonts/type1/public/amsfonts/cm
/cmti10.pfb></usr/share/texlive/texmf-dist/fonts/type1/public/amsfonts/cm/cmtt1
0.pfb></usr/share/texlive/texmf-dist/fonts/type1/public/amsfonts/cm/cmtt12.pfb>
</usr/share/texlive/texmf-dist/fonts/type1/public/amsfonts/cm/cmtt9.pfb>
Output written on MATAA_manual.pdf (101 pages, 1176951 bytes).
PDF statistics:
 1568 PDF objects out of 1728 (max. 8388607)
 1360 compressed objects within 14 object streams
 233 named destinations out of 1000 (max. 500000)
 1049 words of extra memory for PDF output out of 10000 (max. 10000000)

